proguard_logs/seeds.txt
ca.erictran.lengthweightconverter.R$integer: int abs__max_action_buttons
ca.erictran.lengthweightconverter.R$layout: int abs__action_bar_home
ca.erictran.lengthweightconverter.R$layout: int abs__action_bar_tab
ca.erictran.lengthweightconverter.R$layout: int abs__action_bar_tab_bar_view
ca.erictran.lengthweightconverter.R$layout: int abs__action_bar_title_item
ca.erictran.lengthweightconverter.R$layout: int abs__action_menu_item_layout
ca.erictran.lengthweightconverter.R$layout: int abs__action_menu_layout
ca.erictran.lengthweightconverter.R$layout: int abs__action_mode_bar
ca.erictran.lengthweightconverter.R$layout: int abs__action_mode_close_item
ca.erictran.lengthweightconverter.R$layout: int abs__activity_chooser_view
ca.erictran.lengthweightconverter.R$layout: int abs__activity_chooser_view_list_item
ca.erictran.lengthweightconverter.R$layout: int abs__list_menu_item_checkbox
ca.erictran.lengthweightconverter.R$layout: int abs__list_menu_item_icon
ca.erictran.lengthweightconverter.R$layout: int abs__list_menu_item_radio
ca.erictran.lengthweightconverter.R$layout: int abs__popup_menu_item_layout
ca.erictran.lengthweightconverter.R$layout: int abs__screen_action_bar
ca.erictran.lengthweightconverter.R$layout: int abs__screen_action_bar_overlay
ca.erictran.lengthweightconverter.R$layout: int abs__screen_simple
ca.erictran.lengthweightconverter.R$layout: int abs__screen_simple_overlay_action_mode
ca.erictran.lengthweightconverter.R$layout: int abs__search_dropdown_item_icons_2line
ca.erictran.lengthweightconverter.R$layout: int abs__search_view
ca.erictran.lengthweightconverter.R$menu: int main
ca.erictran.lengthweightconverter.R$string: int Button0
ca.erictran.lengthweightconverter.R$string: int Button1
ca.erictran.lengthweightconverter.R$string: int Button2
ca.erictran.lengthweightconverter.R$string: int Button3
ca.erictran.lengthweightconverter.R$string: int Button4
ca.erictran.lengthweightconverter.R$string: int Button5
ca.erictran.lengthweightconverter.R$string: int Button6
ca.erictran.lengthweightconverter.R$string: int Button7
ca.erictran.lengthweightconverter.R$string: int Button8
ca.erictran.lengthweightconverter.R$string: int Button9
ca.erictran.lengthweightconverter.R$string: int ButtonBackspace
ca.erictran.lengthweightconverter.R$string: int ButtonClear
ca.erictran.lengthweightconverter.R$string: int ButtonDecimal
ca.erictran.lengthweightconverter.R$string: int ButtonSwitch
ca.erictran.lengthweightconverter.R$string: int abs__action_bar_home_description
ca.erictran.lengthweightconverter.R$string: int abs__action_bar_up_description
ca.erictran.lengthweightconverter.R$string: int abs__action_menu_overflow_description
ca.erictran.lengthweightconverter.R$string: int abs__action_mode_done
ca.erictran.lengthweightconverter.R$string: int abs__activity_chooser_view_see_all
ca.erictran.lengthweightconverter.R$string: int abs__activitychooserview_choose_application
ca.erictran.lengthweightconverter.R$string: int abs__searchview_description_clear
ca.erictran.lengthweightconverter.R$string: int abs__searchview_description_query