proguard_logs/mapping.txt
com.actionbarsherlock.internal.nineoldandroids.view.NineViewGroup -> com.actionbarsherlock.internal.nineoldandroids.b.a:
    com.actionbarsherlock.internal.nineoldandroids.view.animation.AnimatorProxy mProxy -> a
    void setVisibility(int) -> setVisibility
    float getAlpha() -> getAlpha
    void setAlpha(float) -> setAlpha
    float getTranslationX() -> getTranslationX
    void setTranslationX(float) -> setTranslationX
    float getTranslationY() -> getTranslationY
    void setTranslationY(float) -> setTranslationY
com.actionbarsherlock.internal.nineoldandroids.view.animation.AnimatorProxy -> com.actionbarsherlock.internal.nineoldandroids.b.a.a:
    boolean NEEDS_PROXY -> a
    java.util.WeakHashMap PROXIES -> b
    java.lang.ref.WeakReference mView -> c
    float mAlpha -> d
    float mScaleX -> e
    float mScaleY -> f
    float mTranslationX -> g
    float mTranslationY -> h
    android.graphics.RectF mBefore -> i
    android.graphics.RectF mAfter -> j
    android.graphics.Matrix mTempMatrix -> k
    com.actionbarsherlock.internal.nineoldandroids.view.animation.AnimatorProxy wrap(android.view.View) -> a
    float getAlpha() -> a
    void setAlpha(float) -> a
    void setScaleY(float) -> b
    float getTranslationX() -> b
    void setTranslationX(float) -> c
    float getTranslationY() -> c
    void setTranslationY(float) -> d
    void prepareForUpdate() -> d
    void invalidateAfterUpdate() -> e
    void computeRect(android.graphics.RectF,android.view.View) -> a
    void transformMatrix(android.graphics.Matrix,android.view.View) -> a
    void applyTransformation(float,android.view.animation.Transformation) -> applyTransformation
    void reset() -> reset
com.actionbarsherlock.internal.nineoldandroids.widget.NineFrameLayout -> com.actionbarsherlock.internal.nineoldandroids.widget.NineFrameLayout:
    com.actionbarsherlock.internal.nineoldandroids.view.animation.AnimatorProxy mProxy -> a
    void setVisibility(int) -> setVisibility
    float getAlpha() -> getAlpha
    void setAlpha(float) -> setAlpha
    float getTranslationY() -> getTranslationY
    void setTranslationY(float) -> setTranslationY
com.actionbarsherlock.internal.nineoldandroids.widget.NineHorizontalScrollView -> com.actionbarsherlock.internal.nineoldandroids.widget.a:
    com.actionbarsherlock.internal.nineoldandroids.view.animation.AnimatorProxy mProxy -> a
    void setVisibility(int) -> setVisibility
    float getAlpha() -> getAlpha
    void setAlpha(float) -> setAlpha
com.actionbarsherlock.internal.nineoldandroids.widget.NineLinearLayout -> com.actionbarsherlock.internal.nineoldandroids.widget.NineLinearLayout:
    com.actionbarsherlock.internal.nineoldandroids.view.animation.AnimatorProxy mProxy -> a
    void setVisibility(int) -> setVisibility
    float getAlpha() -> getAlpha
    void setAlpha(float) -> setAlpha
    float getTranslationX() -> getTranslationX
    void setTranslationX(float) -> setTranslationX
com.actionbarsherlock.internal.view.ActionProviderWrapper -> com.actionbarsherlock.internal.view.a:
    com.actionbarsherlock.view.ActionProvider mProvider -> a
    com.actionbarsherlock.view.ActionProvider unwrap() -> a
    android.view.View onCreateActionView() -> onCreateActionView
    boolean hasSubMenu() -> hasSubMenu
    boolean onPerformDefaultAction() -> onPerformDefaultAction
    void onPrepareSubMenu(android.view.SubMenu) -> onPrepareSubMenu
com.actionbarsherlock.internal.view.View_HasStateListenerSupport -> com.actionbarsherlock.internal.view.b:
    void addOnAttachStateChangeListener(com.actionbarsherlock.internal.view.View_OnAttachStateChangeListener) -> a
    void removeOnAttachStateChangeListener(com.actionbarsherlock.internal.view.View_OnAttachStateChangeListener) -> b
com.actionbarsherlock.internal.view.View_OnAttachStateChangeListener -> com.actionbarsherlock.internal.view.c:
    void onViewAttachedToWindow(android.view.View) -> a
    void onViewDetachedFromWindow(android.view.View) -> b