proguard_logs/usage.txt
com.actionbarsherlock.internal.nineoldandroids.animation.PropertyValuesHolder$FloatPropertyValuesHolder:
    894:898:public PropertyValuesHolder$FloatPropertyValuesHolder(java.lang.String,com.actionbarsherlock.internal.nineoldandroids.animation.FloatKeyframeSet)
com.actionbarsherlock.internal.nineoldandroids.animation.PropertyValuesHolder$IntPropertyValuesHolder
com.actionbarsherlock.internal.nineoldandroids.animation.ValueAnimator:
    private static final long DEFAULT_FRAME_DELAY
    static final int ANIMATION_START
    static final int ANIMATION_FRAME
    static final int STOPPED
    static final int RUNNING
    static final int SEEKED
    public static final int RESTART
    public static final int REVERSE
    public static final int INFINITE
    299:301:public static varargs com.actionbarsherlock.internal.nineoldandroids.animation.ValueAnimator ofInt(int[])
    330:332:public static varargs com.actionbarsherlock.internal.nineoldandroids.animation.ValueAnimator ofPropertyValuesHolder(com.actionbarsherlock.internal.nineoldandroids.animation.PropertyValuesHolder[])
    354:357:public static varargs com.actionbarsherlock.internal.nineoldandroids.animation.ValueAnimator ofObject(com.actionbarsherlock.internal.nineoldandroids.animation.TypeEvaluator,java.lang.Object[])
    375:386:public varargs void setIntValues(int[])
    435:447:public varargs void setObjectValues(java.lang.Object[])
    478:478:public com.actionbarsherlock.internal.nineoldandroids.animation.PropertyValuesHolder[] getValues()
    526:526:public long getDuration()
    694:694:public long getStartDelay()
    717:717:public static long getFrameDelay()
    730:731:public static void setFrameDelay(long)
    746:750:public java.lang.Object getAnimatedValue()
    764:769:public java.lang.Object getAnimatedValue(java.lang.String)
    782:783:public void setRepeatCount(int)
com.actionbarsherlock.internal.nineoldandroids.view.animation.AnimatorProxy:
    63:63:public float getScaleX()
    67:72:public void setScaleX(float)
    75:75:public float getScaleY()
    87:91:public int getScrollX()
    95:99:public void setScrollX(int)
    102:106:public int getScrollY()
    110:114:public void setScrollY(int)
com.actionbarsherlock.internal.view.ActionProviderWrapper:
    12:14:public ActionProviderWrapper(com.actionbarsherlock.view.ActionProvider)
com.actionbarsherlock.internal.view.StandaloneActionMode
com.actionbarsherlock.internal.view.menu.ActionMenu
com.actionbarsherlock.internal.view.menu.ActionMenuItem:
    private java.lang.CharSequence mTitleCondensed
    private android.content.Intent mIntent
    private char mShortcutNumericChar
    private char mShortcutAlphabeticChar
    private com.actionbarsherlock.view.MenuItem$OnMenuItemClickListener mClickListener
    private static final int CHECKABLE
    private static final int CHECKED
    private static final int EXCLUSIVE
    private static final int HIDDEN
    private static final int ENABLED
    71:71:public char getAlphabeticShortcut()
    75:75:public int getGroupId()
    83:83:public android.content.Intent getIntent()
    91:91:public android.view.ContextMenu$ContextMenuInfo getMenuInfo()
    95:95:public char getNumericShortcut()
    99:99:public int getOrder()
    107:107:public java.lang.CharSequence getTitle()
    111:111:public java.lang.CharSequence getTitleCondensed()
    119:119:public boolean isCheckable()
    123:123:public boolean isChecked()
    127:127:public boolean isEnabled()
    135:136:public com.actionbarsherlock.view.MenuItem setAlphabeticShortcut(char)
    140:141:public com.actionbarsherlock.view.MenuItem setCheckable(boolean)
    145:146:public com.actionbarsherlock.internal.view.menu.ActionMenuItem setExclusiveCheckable(boolean)
    150:151:public com.actionbarsherlock.view.MenuItem setChecked(boolean)
    155:156:public com.actionbarsherlock.view.MenuItem setEnabled(boolean)